<?xml version="1.0" encoding="UTF-8"?>
<!-- Generated by org.testng.reporters.JUnitXMLReporter -->
<testsuite ignored="0" hostname="Bhat" failures="1" tests="1" name="Default test" time="1.887" errors="0" timestamp="2025-01-11T15:49:27 IST">
  <testcase classname="io.cucumber.testng.AbstractTestNGCucumberTests" name="runScenario" time="0.246">
    <failure type="java.lang.NullPointerException" message="Cannot invoke &amp;quot;srinivasBhat.pageobjects.LandingPage.loginApplication(String, String)&amp;quot; because &amp;quot;this.landingPage&amp;quot; is null">
      <![CDATA[java.lang.NullPointerException: Cannot invoke "srinivasBhat.pageobjects.LandingPage.loginApplication(String, String)" because "this.landingPage" is null
at srinivasbhat.stepDefinitions.StepDefinitionImpl.Logged_in_with_username_and_password(StepDefinitionImpl.java:33)
at ✽.Logged in with username svishal.bhat7@gmail.com and password Nimmibadri7(file:///C:/Users/shree/eclipse-workspace/SeleniumFrameworkDesign/src/test/java/cucumber/SubmitOrder.feature:9)
]]>
    </failure>
  </testcase> <!-- runScenario -->
</testsuite> <!-- Default test -->
