<?xml version="1.0" encoding="UTF-8"?>
<!-- Generated by org.testng.reporters.JUnitReportReporter -->
<testsuite hostname="Bhat" failures="0" tests="1" name="cucumber.TestNGTestRunner" time="0.246" errors="1" timestamp="2025-01-11T15:49:27 IST" skipped="0">
  <testcase classname="cucumber.TestNGTestRunner" name="runScenario" time="0.246">
    <error message="Cannot invoke &quot;srinivasBhat.pageobjects.LandingPage.loginApplication(String, String)&quot; because &quot;this.landingPage&quot; is null" type="java.lang.NullPointerException">
      <![CDATA[java.lang.NullPointerException: Cannot invoke "srinivasBhat.pageobjects.LandingPage.loginApplication(String, String)" because "this.landingPage" is null
at srinivasbhat.stepDefinitions.StepDefinitionImpl.Logged_in_with_username_and_password(StepDefinitionImpl.java:33)
at ✽.Logged in with username svishal.bhat7@gmail.com and password Nimmibadri7(file:///C:/Users/shree/eclipse-workspace/SeleniumFrameworkDesign/src/test/java/cucumber/SubmitOrder.feature:9)
]]>
    </error>
  </testcase> <!-- runScenario -->
  <system-out/>
</testsuite> <!-- cucumber.TestNGTestRunner -->
